  Program04.cpp
  Note: including file: C:\Program Files (x86)\Microsoft Visual Studio\2017\Community\VC\Tools\MSVC\14.11.25503\include\iostream
  Note: including file:  C:\Program Files (x86)\Microsoft Visual Studio\2017\Community\VC\Tools\MSVC\14.11.25503\include\istream
  Note: including file:   C:\Program Files (x86)\Microsoft Visual Studio\2017\Community\VC\Tools\MSVC\14.11.25503\include\ostream
  Note: including file:    C:\Program Files (x86)\Microsoft Visual Studio\2017\Community\VC\Tools\MSVC\14.11.25503\include\ios
  Note: including file:     C:\Program Files (x86)\Microsoft Visual Studio\2017\Community\VC\Tools\MSVC\14.11.25503\include\xlocnum
  Note: including file:      C:\Program Files (x86)\Microsoft Visual Studio\2017\Community\VC\Tools\MSVC\14.11.25503\include\climits
  Note: including file:       C:\Program Files (x86)\Microsoft Visual Studio\2017\Community\VC\Tools\MSVC\14.11.25503\include\yvals.h
  Note: including file:        C:\Program Files (x86)\Microsoft Visual Studio\2017\Community\VC\Tools\MSVC\14.11.25503\include\xkeycheck.h
  Note: including file:        C:\Program Files (x86)\Microsoft Visual Studio\2017\Community\VC\Tools\MSVC\14.11.25503\include\crtdefs.h
  Note: including file:         C:\Program Files (x86)\Microsoft Visual Studio\2017\Community\VC\Tools\MSVC\14.11.25503\include\vcruntime.h
  Note: including file:        C:\Program Files (x86)\Microsoft Visual Studio\2017\Community\VC\Tools\MSVC\14.11.25503\include\use_ansi.h
  Note: including file:       C:\Program Files (x86)\Microsoft Visual Studio\2017\Community\VC\Tools\MSVC\14.11.25503\include\limits.h
  Note: including file:        C:\Program Files (x86)\Microsoft Visual Studio\2017\Community\VC\Tools\MSVC\14.11.25503\include\vcruntime.h
  Note: including file:      C:\Program Files (x86)\Microsoft Visual Studio\2017\Community\VC\Tools\MSVC\14.11.25503\include\cmath
  Note: including file:       C:\Program Files (x86)\Microsoft Visual Studio\2017\Community\VC\Tools\MSVC\14.11.25503\include\cstdlib
  Note: including file:        C:\Program Files (x86)\Windows Kits\10\Include\10.0.15063.0\ucrt\stdlib.h
  Note: including file:         C:\Program Files (x86)\Windows Kits\10\Include\10.0.15063.0\ucrt\corecrt_malloc.h
  Note: including file:         C:\Program Files (x86)\Windows Kits\10\Include\10.0.15063.0\ucrt\corecrt_search.h
  Note: including file:          C:\Program Files (x86)\Windows Kits\10\Include\10.0.15063.0\ucrt\stddef.h
  Note: including file:        C:\Program Files (x86)\Windows Kits\10\Include\10.0.15063.0\ucrt\math.h
  Note: including file:         C:\Program Files (x86)\Windows Kits\10\Include\10.0.15063.0\ucrt\corecrt_math.h
  Note: including file:       C:\Program Files (x86)\Microsoft Visual Studio\2017\Community\VC\Tools\MSVC\14.11.25503\include\xtgmath.h
  Note: including file:        C:\Program Files (x86)\Microsoft Visual Studio\2017\Community\VC\Tools\MSVC\14.11.25503\include\xtr1common
  Note: including file:      C:\Program Files (x86)\Microsoft Visual Studio\2017\Community\VC\Tools\MSVC\14.11.25503\include\cstdio
  Note: including file:      C:\Program Files (x86)\Microsoft Visual Studio\2017\Community\VC\Tools\MSVC\14.11.25503\include\streambuf
  Note: including file:       C:\Program Files (x86)\Microsoft Visual Studio\2017\Community\VC\Tools\MSVC\14.11.25503\include\xiosbase
  Note: including file:        C:\Program Files (x86)\Microsoft Visual Studio\2017\Community\VC\Tools\MSVC\14.11.25503\include\xlocale
  Note: including file:         C:\Program Files (x86)\Microsoft Visual Studio\2017\Community\VC\Tools\MSVC\14.11.25503\include\cstring
  Note: including file:          C:\Program Files (x86)\Windows Kits\10\Include\10.0.15063.0\ucrt\string.h
  Note: including file:           C:\Program Files (x86)\Windows Kits\10\Include\10.0.15063.0\ucrt\corecrt_memory.h
  Note: including file:         C:\Program Files (x86)\Microsoft Visual Studio\2017\Community\VC\Tools\MSVC\14.11.25503\include\stdexcept
  Note: including file:          C:\Program Files (x86)\Microsoft Visual Studio\2017\Community\VC\Tools\MSVC\14.11.25503\include\exception
  Note: including file:           C:\Program Files (x86)\Microsoft Visual Studio\2017\Community\VC\Tools\MSVC\14.11.25503\include\type_traits
  Note: including file:            C:\Program Files (x86)\Microsoft Visual Studio\2017\Community\VC\Tools\MSVC\14.11.25503\include\xstddef
  Note: including file:             C:\Program Files (x86)\Microsoft Visual Studio\2017\Community\VC\Tools\MSVC\14.11.25503\include\cstddef
  Note: including file:             C:\Program Files (x86)\Microsoft Visual Studio\2017\Community\VC\Tools\MSVC\14.11.25503\include\initializer_list
  Note: including file:           C:\Program Files (x86)\Windows Kits\10\Include\10.0.15063.0\ucrt\malloc.h
  Note: including file:           C:\Program Files (x86)\Microsoft Visual Studio\2017\Community\VC\Tools\MSVC\14.11.25503\include\vcruntime_exception.h
  Note: including file:            C:\Program Files (x86)\Microsoft Visual Studio\2017\Community\VC\Tools\MSVC\14.11.25503\include\eh.h
  Note: including file:             C:\Program Files (x86)\Windows Kits\10\Include\10.0.15063.0\ucrt\corecrt_terminate.h
  Note: including file:          C:\Program Files (x86)\Microsoft Visual Studio\2017\Community\VC\Tools\MSVC\14.11.25503\include\xstring
  Note: including file:           C:\Program Files (x86)\Microsoft Visual Studio\2017\Community\VC\Tools\MSVC\14.11.25503\include\xmemory0
  Note: including file:            C:\Program Files (x86)\Microsoft Visual Studio\2017\Community\VC\Tools\MSVC\14.11.25503\include\cstdint
  Note: including file:             C:\Program Files (x86)\Microsoft Visual Studio\2017\Community\VC\Tools\MSVC\14.11.25503\include\stdint.h
  Note: including file:              C:\Program Files (x86)\Microsoft Visual Studio\2017\Community\VC\Tools\MSVC\14.11.25503\include\vcruntime.h
  Note: including file:            C:\Program Files (x86)\Microsoft Visual Studio\2017\Community\VC\Tools\MSVC\14.11.25503\include\limits
  Note: including file:             C:\Program Files (x86)\Microsoft Visual Studio\2017\Community\VC\Tools\MSVC\14.11.25503\include\ymath.h
  Note: including file:             C:\Program Files (x86)\Microsoft Visual Studio\2017\Community\VC\Tools\MSVC\14.11.25503\include\cfloat
  Note: including file:              C:\Program Files (x86)\Windows Kits\10\Include\10.0.15063.0\ucrt\float.h
  Note: including file:             C:\Program Files (x86)\Microsoft Visual Studio\2017\Community\VC\Tools\MSVC\14.11.25503\include\cwchar
  Note: including file:            C:\Program Files (x86)\Microsoft Visual Studio\2017\Community\VC\Tools\MSVC\14.11.25503\include\new
  Note: including file:             C:\Program Files (x86)\Microsoft Visual Studio\2017\Community\VC\Tools\MSVC\14.11.25503\include\vcruntime_new.h
  Note: including file:              C:\Program Files (x86)\Microsoft Visual Studio\2017\Community\VC\Tools\MSVC\14.11.25503\include\vcruntime.h
  Note: including file:            C:\Program Files (x86)\Microsoft Visual Studio\2017\Community\VC\Tools\MSVC\14.11.25503\include\xutility
  Note: including file:             C:\Program Files (x86)\Microsoft Visual Studio\2017\Community\VC\Tools\MSVC\14.11.25503\include\utility
  Note: including file:              C:\Program Files (x86)\Microsoft Visual Studio\2017\Community\VC\Tools\MSVC\14.11.25503\include\iosfwd
  Note: including file:               C:\Program Files (x86)\Windows Kits\10\Include\10.0.15063.0\ucrt\crtdbg.h
  Note: including file:                C:\Program Files (x86)\Microsoft Visual Studio\2017\Community\VC\Tools\MSVC\14.11.25503\include\vcruntime_new_debug.h
  Note: including file:            C:\Program Files (x86)\Microsoft Visual Studio\2017\Community\VC\Tools\MSVC\14.11.25503\include\xatomic0.h
  Note: including file:            C:\Program Files (x86)\Microsoft Visual Studio\2017\Community\VC\Tools\MSVC\14.11.25503\include\intrin0.h
  Note: including file:         C:\Program Files (x86)\Microsoft Visual Studio\2017\Community\VC\Tools\MSVC\14.11.25503\include\typeinfo
  Note: including file:          C:\Program Files (x86)\Microsoft Visual Studio\2017\Community\VC\Tools\MSVC\14.11.25503\include\vcruntime_typeinfo.h
  Note: including file:           C:\Program Files (x86)\Microsoft Visual Studio\2017\Community\VC\Tools\MSVC\14.11.25503\include\vcruntime.h
  Note: including file:         C:\Program Files (x86)\Microsoft Visual Studio\2017\Community\VC\Tools\MSVC\14.11.25503\include\xlocinfo
  Note: including file:          C:\Program Files (x86)\Microsoft Visual Studio\2017\Community\VC\Tools\MSVC\14.11.25503\include\xlocinfo.h
  Note: including file:           C:\Program Files (x86)\Windows Kits\10\Include\10.0.15063.0\ucrt\ctype.h
  Note: including file:           C:\Program Files (x86)\Windows Kits\10\Include\10.0.15063.0\ucrt\locale.h
  Note: including file:         C:\Program Files (x86)\Microsoft Visual Studio\2017\Community\VC\Tools\MSVC\14.11.25503\include\xfacet
  Note: including file:        C:\Program Files (x86)\Microsoft Visual Studio\2017\Community\VC\Tools\MSVC\14.11.25503\include\system_error
  Note: including file:         C:\Program Files (x86)\Microsoft Visual Studio\2017\Community\VC\Tools\MSVC\14.11.25503\include\cerrno
  Note: including file:         C:\Program Files (x86)\Microsoft Visual Studio\2017\Community\VC\Tools\MSVC\14.11.25503\include\xcall_once.h
  Note: including file:        C:\Program Files (x86)\Windows Kits\10\Include\10.0.15063.0\ucrt\share.h
  Note: including file: C:\Program Files (x86)\Microsoft Visual Studio\2017\Community\VC\Tools\MSVC\14.11.25503\include\iomanip
  Note: including file:  C:\Program Files (x86)\Microsoft Visual Studio\2017\Community\VC\Tools\MSVC\14.11.25503\include\xlocmon
  Note: including file:  C:\Program Files (x86)\Microsoft Visual Studio\2017\Community\VC\Tools\MSVC\14.11.25503\include\xloctime
  Note: including file:   C:\Program Files (x86)\Microsoft Visual Studio\2017\Community\VC\Tools\MSVC\14.11.25503\include\ctime
  Note: including file:    C:\Program Files (x86)\Windows Kits\10\Include\10.0.15063.0\ucrt\time.h
  Note: including file: C:\Program Files (x86)\Microsoft Visual Studio\2017\Community\VC\Tools\MSVC\14.11.25503\include\string
  Note: including file:  C:\Program Files (x86)\Microsoft Visual Studio\2017\Community\VC\Tools\MSVC\14.11.25503\include\xstring_insert.h
  Note: including file: c:\users\jpbur\desktop\acc\acc fall 2017\advanced c++\program 04\program 04\program 04\Package.h
  Note: including file: c:\users\jpbur\desktop\acc\acc fall 2017\advanced c++\program 04\program 04\program 04\TwoDayPackage.h
  Note: including file: c:\users\jpbur\desktop\acc\acc fall 2017\advanced c++\program 04\program 04\program 04\OvernightPackage.h
  Program 04.vcxproj -> C:\Users\jpbur\Desktop\ACC\ACC Fall 2017\Advanced C++\Program 04\Program 04\x64\Debug\Program 04.exe
  Program 04.vcxproj -> C:\Users\jpbur\Desktop\ACC\ACC Fall 2017\Advanced C++\Program 04\Program 04\x64\Debug\Program 04.pdb (Partial PDB)
